<?xml version="1.0" encoding="UTF-8"?>
<!-- Generated by org.testng.reporters.JUnitReportReporter -->
<testsuite skipped="0" hostname="DESKTOP-KTGI38J" name="Scrolluptest.TestScroll" tests="1" failures="0" timestamp="2024-04-02T23:44:04 IST" time="27.813" errors="0">
  <testcase name="setup" time="27.813" classname="Scrolluptest.TestScroll"/>
  <system-out/>
</testsuite> <!-- Scrolluptest.TestScroll -->
