<?xml version="1.0" encoding="UTF-8"?>
<!-- Generated by org.testng.reporters.JUnitReportReporter -->
<testsuite skipped="1" hostname="DESKTOP-KTGI38J" name="TestCases.Test1" tests="5" failures="0" timestamp="2024-03-28T11:11:43 IST" time="0.016" errors="0">
  <testcase name="a1" time="0.007" classname="TestCases.Test1"/>
  <system-out/>
  <testcase name="a1" time="0.003" classname="TestCases.Test1"/>
  <system-out/>
  <testcase name="a3" time="0.003" classname="TestCases.Test1"/>
  <system-out/>
  <testcase name="a4" time="0.003" classname="TestCases.Test1"/>
  <system-out/>
  <testcase name="a2" classname="TestCases.Test1">
    <skipped/>
  </testcase> <!-- a2 -->
  <system-out/>
</testsuite> <!-- TestCases.Test1 -->
